{"level":"info","message":{"duration":"15ms","method":"GET","params":{},"path":"/health","query":{},"status":200},"timestamp":"2025-06-13T14:37:33.913Z"}
{"level":"info","message":{"duration":"6ms","method":"GET","path":"/favicon.ico","query":{},"status":404},"timestamp":"2025-06-13T14:37:33.988Z"}
{"level":"info","message":{"duration":"2ms","method":"GET","params":{},"path":"/health/detailed","query":{},"status":200},"timestamp":"2025-06-13T14:38:29.845Z"}
{"level":"info","message":"Retrieved 0 courses successfully","timestamp":"2025-06-13T15:10:36.312Z"}
{"level":"info","message":{"duration":"30ms","method":"GET","params":{},"path":"/api/courses","query":{},"status":200},"timestamp":"2025-06-13T15:10:36.315Z"}
{"level":"info","message":"Retrieved 0 courses successfully","timestamp":"2025-06-13T15:10:36.324Z"}
{"level":"info","message":{"duration":"7ms","method":"GET","params":{},"path":"/api/courses","query":{},"status":304},"timestamp":"2025-06-13T15:10:36.327Z"}
{"level":"info","message":"Retrieved 0 students successfully","timestamp":"2025-06-13T15:10:42.285Z"}
{"level":"info","message":{"duration":"26ms","method":"GET","params":{},"path":"/api/students","query":{},"status":200},"timestamp":"2025-06-13T15:10:42.290Z"}
{"activeCourses":0,"activeStudents":0,"courseCounts":[],"graduates":0,"level":"info","message":"Dashboard statistics retrieved successfully:","successRate":0,"timestamp":"2025-06-13T15:10:42.376Z","totalCourses":0,"totalStudents":0}
{"level":"info","message":{"duration":"112ms","method":"GET","params":{},"path":"/api/dashboard/stats","query":{},"status":200},"timestamp":"2025-06-13T15:10:42.384Z"}
{"level":"info","message":"Retrieved 0 courses successfully","timestamp":"2025-06-13T15:10:45.434Z"}
{"level":"info","message":{"duration":"16ms","method":"GET","params":{},"path":"/api/courses","query":{},"status":304},"timestamp":"2025-06-13T15:10:45.439Z"}
{"courseId":"684c4017bbcc8cc280d70bc0","level":"info","message":"New course created:","name":"sanskrit","timestamp":"2025-06-13T15:13:27.867Z"}
{"level":"info","message":{"body":{"description":"learn vedas","duration":24,"name":"sanskrit","status":"active"},"duration":"63ms","method":"POST","params":{},"path":"/api/courses","query":{},"status":201},"timestamp":"2025-06-13T15:13:27.871Z"}
{"level":"info","message":"Retrieved 1 courses successfully","timestamp":"2025-06-13T15:13:27.880Z"}
{"level":"info","message":{"duration":"7ms","method":"GET","params":{},"path":"/api/courses","query":{},"status":200},"timestamp":"2025-06-13T15:13:27.882Z"}
{"activeCourses":1,"activeStudents":0,"courseCounts":[],"graduates":0,"level":"info","message":"Dashboard statistics retrieved successfully:","successRate":0,"timestamp":"2025-06-13T15:13:27.911Z","totalCourses":1,"totalStudents":0}
{"level":"info","message":{"duration":"25ms","method":"GET","params":{},"path":"/api/dashboard/stats","query":{},"status":200},"timestamp":"2025-06-13T15:13:27.913Z"}
{"courseId":"684c4017bbcc8cc280d70bc0","level":"info","message":"Course deleted successfully:","name":"sanskrit","timestamp":"2025-06-13T15:15:41.905Z"}
{"level":"info","message":{"duration":"38ms","method":"DELETE","params":{"id":"684c4017bbcc8cc280d70bc0"},"path":"/api/courses/684c4017bbcc8cc280d70bc0","query":{},"status":200},"timestamp":"2025-06-13T15:15:41.910Z"}
{"level":"info","message":"Retrieved 0 courses successfully","timestamp":"2025-06-13T15:15:41.925Z"}
{"level":"info","message":{"duration":"12ms","method":"GET","params":{},"path":"/api/courses","query":{},"status":200},"timestamp":"2025-06-13T15:15:41.931Z"}
{"activeCourses":0,"activeStudents":0,"courseCounts":[],"graduates":0,"level":"info","message":"Dashboard statistics retrieved successfully:","successRate":0,"timestamp":"2025-06-13T15:15:41.984Z","totalCourses":0,"totalStudents":0}
{"level":"info","message":{"duration":"43ms","method":"GET","params":{},"path":"/api/dashboard/stats","query":{},"status":200},"timestamp":"2025-06-13T15:15:41.988Z"}
{"level":"info","message":{"duration":"21ms","method":"GET","params":{},"path":"/health","query":{},"status":200},"timestamp":"2025-06-18T04:48:01.293Z"}
{"level":"info","message":{"duration":"6ms","method":"GET","path":"/favicon.ico","query":{},"status":404},"timestamp":"2025-06-18T04:48:01.367Z"}
{"level":"info","message":{"duration":"3ms","method":"GET","params":{},"path":"/health/detailed","query":{},"status":200},"timestamp":"2025-06-18T04:49:07.975Z"}
{"level":"info","message":"Retrieved 0 courses successfully","timestamp":"2025-06-18T05:14:40.170Z"}
{"level":"info","message":{"duration":"25ms","method":"GET","params":{},"path":"/api/courses","query":{},"status":200},"timestamp":"2025-06-18T05:14:40.172Z"}
{"level":"info","message":"Retrieved 0 courses successfully","timestamp":"2025-06-18T05:14:40.186Z"}
{"level":"info","message":{"duration":"10ms","method":"GET","params":{},"path":"/api/courses","query":{},"status":304},"timestamp":"2025-06-18T05:14:40.189Z"}
{"courseId":"68524b5b25104da9d1cfa3b3","level":"info","message":"New course created:","name":"mongoDB","timestamp":"2025-06-18T05:15:07.758Z"}
{"level":"info","message":{"body":{"description":"learn databases","duration":2,"name":"mongoDB","status":"active"},"duration":"64ms","method":"POST","params":{},"path":"/api/courses","query":{},"status":201},"timestamp":"2025-06-18T05:15:07.764Z"}
{"level":"info","message":"Retrieved 1 courses successfully","timestamp":"2025-06-18T05:15:07.786Z"}
{"level":"info","message":{"duration":"18ms","method":"GET","params":{},"path":"/api/courses","query":{},"status":200},"timestamp":"2025-06-18T05:15:07.791Z"}
{"activeCourses":1,"activeStudents":0,"courseCounts":[],"graduates":0,"level":"info","message":"Dashboard statistics retrieved successfully:","successRate":0,"timestamp":"2025-06-18T05:15:07.870Z","totalCourses":1,"totalStudents":0}
{"level":"info","message":{"duration":"73ms","method":"GET","params":{},"path":"/api/dashboard/stats","query":{},"status":200},"timestamp":"2025-06-18T05:15:07.875Z"}
{"level":"info","message":{"duration":"20ms","method":"GET","params":{"id":"68524b5b25104da9d1cfa3b3"},"path":"/api/courses/68524b5b25104da9d1cfa3b3","query":{},"status":200},"timestamp":"2025-06-18T05:15:18.371Z"}
{"courseId":"68524b5b25104da9d1cfa3b3","level":"info","message":"Course updated successfully:","name":"mongoDB","timestamp":"2025-06-18T05:15:31.224Z"}
{"level":"info","message":{"body":{"description":"learn nosql","duration":2,"name":"mongoDB","status":"active"},"duration":"41ms","method":"PUT","params":{"id":"68524b5b25104da9d1cfa3b3"},"path":"/api/courses/68524b5b25104da9d1cfa3b3","query":{},"status":200},"timestamp":"2025-06-18T05:15:31.231Z"}
{"level":"info","message":"Retrieved 1 courses successfully","timestamp":"2025-06-18T05:15:31.251Z"}
{"level":"info","message":{"duration":"15ms","method":"GET","params":{},"path":"/api/courses","query":{},"status":200},"timestamp":"2025-06-18T05:15:31.257Z"}
{"activeCourses":1,"activeStudents":0,"courseCounts":[],"graduates":0,"level":"info","message":"Dashboard statistics retrieved successfully:","successRate":0,"timestamp":"2025-06-18T05:15:31.314Z","totalCourses":1,"totalStudents":0}
{"level":"info","message":{"duration":"51ms","method":"GET","params":{},"path":"/api/dashboard/stats","query":{},"status":304},"timestamp":"2025-06-18T05:15:31.319Z"}
{"level":"info","message":"Retrieved 0 courses successfully","timestamp":"2025-06-18T05:17:35.660Z"}
{"level":"info","message":{"duration":"9ms","method":"GET","params":{},"path":"/api/courses","query":{},"status":200},"timestamp":"2025-06-18T05:17:35.664Z"}
{"level":"info","message":"Retrieved 0 courses successfully","timestamp":"2025-06-18T05:17:35.680Z"}
{"level":"info","message":{"duration":"17ms","method":"GET","params":{},"path":"/api/courses","query":{},"status":304},"timestamp":"2025-06-18T05:17:35.691Z"}
{"level":"info","message":"Retrieved 0 courses successfully","timestamp":"2025-06-18T05:18:55.953Z"}
{"level":"info","message":{"duration":"14ms","method":"GET","params":{},"path":"/api/courses","query":{},"status":304},"timestamp":"2025-06-18T05:18:55.959Z"}
{"level":"info","message":"Retrieved 0 courses successfully","timestamp":"2025-06-18T05:18:55.988Z"}
{"level":"info","message":{"duration":"8ms","method":"GET","params":{},"path":"/api/courses","query":{},"status":304},"timestamp":"2025-06-18T05:18:55.992Z"}
{"level":"info","message":"Retrieved 0 students successfully","timestamp":"2025-06-18T05:19:02.876Z"}
{"level":"info","message":{"duration":"15ms","method":"GET","params":{},"path":"/api/students","query":{},"status":200},"timestamp":"2025-06-18T05:19:02.881Z"}
{"activeCourses":0,"activeStudents":0,"courseCounts":[],"graduates":0,"level":"info","message":"Dashboard statistics retrieved successfully:","successRate":0,"timestamp":"2025-06-18T05:19:02.919Z","totalCourses":0,"totalStudents":0}
{"level":"info","message":{"duration":"54ms","method":"GET","params":{},"path":"/api/dashboard/stats","query":{},"status":200},"timestamp":"2025-06-18T05:19:02.923Z"}
{"level":"info","message":"Retrieved 0 courses successfully","timestamp":"2025-06-18T05:22:48.317Z"}
{"level":"info","message":{"duration":"5ms","method":"GET","params":{},"path":"/api/courses","query":{},"status":200},"timestamp":"2025-06-18T05:22:48.318Z"}
{"level":"info","message":"Retrieved 0 courses successfully","timestamp":"2025-06-18T05:22:48.333Z"}
{"level":"info","message":{"duration":"7ms","method":"GET","params":{},"path":"/api/courses","query":{},"status":304},"timestamp":"2025-06-18T05:22:48.337Z"}
{"level":"info","message":"Retrieved 0 students successfully","timestamp":"2025-06-18T05:22:56.863Z"}
{"level":"info","message":{"duration":"12ms","method":"GET","params":{},"path":"/api/students","query":{},"status":200},"timestamp":"2025-06-18T05:22:56.867Z"}
{"activeCourses":0,"activeStudents":0,"courseCounts":[],"graduates":0,"level":"info","message":"Dashboard statistics retrieved successfully:","successRate":0,"timestamp":"2025-06-18T05:22:56.910Z","totalCourses":0,"totalStudents":0}
{"level":"info","message":{"duration":"54ms","method":"GET","params":{},"path":"/api/dashboard/stats","query":{},"status":200},"timestamp":"2025-06-18T05:22:56.913Z"}
{"level":"info","message":"Retrieved 0 courses successfully","timestamp":"2025-06-18T05:22:59.248Z"}
{"level":"info","message":{"duration":"9ms","method":"GET","params":{},"path":"/api/courses","query":{},"status":304},"timestamp":"2025-06-18T05:22:59.252Z"}
{"courseId":"68524de825104da9d1cfa3da","level":"info","message":"New course created:","name":"MongoDB","timestamp":"2025-06-18T05:26:00.838Z"}
{"level":"info","message":{"body":{"description":"Learn NoSQL","duration":4,"name":"MongoDB","status":"active"},"duration":"17ms","method":"POST","params":{},"path":"/api/courses","query":{},"status":201},"timestamp":"2025-06-18T05:26:00.842Z"}
{"level":"info","message":"Retrieved 1 courses successfully","timestamp":"2025-06-18T05:26:00.859Z"}
{"level":"info","message":{"duration":"12ms","method":"GET","params":{},"path":"/api/courses","query":{},"status":200},"timestamp":"2025-06-18T05:26:00.864Z"}
{"activeCourses":1,"activeStudents":0,"courseCounts":[],"graduates":0,"level":"info","message":"Dashboard statistics retrieved successfully:","successRate":0,"timestamp":"2025-06-18T05:26:00.916Z","totalCourses":1,"totalStudents":0}
{"level":"info","message":{"duration":"43ms","method":"GET","params":{},"path":"/api/dashboard/stats","query":{},"status":200},"timestamp":"2025-06-18T05:26:00.921Z"}
{"level":"info","message":{"duration":"10ms","method":"GET","params":{"id":"68524de825104da9d1cfa3da"},"path":"/api/courses/68524de825104da9d1cfa3da","query":{},"status":200},"timestamp":"2025-06-18T05:33:31.037Z"}
{"courseId":"68524de825104da9d1cfa3da","level":"info","message":"Course updated successfully:","name":"MongoDB","timestamp":"2025-06-18T05:34:52.816Z"}
{"level":"info","message":{"body":{"description":"Practice NoSQL","duration":4,"name":"MongoDB","status":"active"},"duration":"15ms","method":"PUT","params":{"id":"68524de825104da9d1cfa3da"},"path":"/api/courses/68524de825104da9d1cfa3da","query":{},"status":200},"timestamp":"2025-06-18T05:34:52.821Z"}
{"level":"info","message":"Retrieved 1 courses successfully","timestamp":"2025-06-18T05:34:52.837Z"}
{"level":"info","message":{"duration":"12ms","method":"GET","params":{},"path":"/api/courses","query":{},"status":200},"timestamp":"2025-06-18T05:34:52.842Z"}
{"activeCourses":1,"activeStudents":0,"courseCounts":[],"graduates":0,"level":"info","message":"Dashboard statistics retrieved successfully:","successRate":0,"timestamp":"2025-06-18T05:34:52.893Z","totalCourses":1,"totalStudents":0}
{"level":"info","message":{"duration":"44ms","method":"GET","params":{},"path":"/api/dashboard/stats","query":{},"status":304},"timestamp":"2025-06-18T05:34:52.899Z"}
{"level":"info","message":{"duration":"9ms","method":"GET","params":{"id":"68524de825104da9d1cfa3da"},"path":"/api/courses/68524de825104da9d1cfa3da","query":{},"status":200},"timestamp":"2025-06-18T05:35:10.960Z"}
{"courseId":"68524de825104da9d1cfa3da","level":"info","message":"Course updated successfully:","name":"MongoDB","timestamp":"2025-06-18T05:35:15.261Z"}
{"level":"info","message":{"body":{"description":"Practice NoSQL","duration":4,"name":"MongoDB","status":"active"},"duration":"13ms","method":"PUT","params":{"id":"68524de825104da9d1cfa3da"},"path":"/api/courses/68524de825104da9d1cfa3da","query":{},"status":200},"timestamp":"2025-06-18T05:35:15.265Z"}
{"level":"info","message":"Retrieved 1 courses successfully","timestamp":"2025-06-18T05:35:15.286Z"}
{"level":"info","message":{"duration":"9ms","method":"GET","params":{},"path":"/api/courses","query":{},"status":200},"timestamp":"2025-06-18T05:35:15.290Z"}
{"activeCourses":1,"activeStudents":0,"courseCounts":[],"graduates":0,"level":"info","message":"Dashboard statistics retrieved successfully:","successRate":0,"timestamp":"2025-06-18T05:35:15.340Z","totalCourses":1,"totalStudents":0}
{"level":"info","message":{"duration":"43ms","method":"GET","params":{},"path":"/api/dashboard/stats","query":{},"status":304},"timestamp":"2025-06-18T05:35:15.344Z"}
{"courseId":"68524de825104da9d1cfa3da","level":"info","message":"Course deleted successfully:","name":"MongoDB","timestamp":"2025-06-18T05:37:56.148Z"}
{"level":"info","message":{"duration":"22ms","method":"DELETE","params":{"id":"68524de825104da9d1cfa3da"},"path":"/api/courses/68524de825104da9d1cfa3da","query":{},"status":200},"timestamp":"2025-06-18T05:37:56.154Z"}
{"level":"info","message":"Retrieved 0 courses successfully","timestamp":"2025-06-18T05:37:56.166Z"}
{"level":"info","message":{"duration":"10ms","method":"GET","params":{},"path":"/api/courses","query":{},"status":200},"timestamp":"2025-06-18T05:37:56.171Z"}
{"activeCourses":0,"activeStudents":0,"courseCounts":[],"graduates":0,"level":"info","message":"Dashboard statistics retrieved successfully:","successRate":0,"timestamp":"2025-06-18T05:37:56.224Z","totalCourses":0,"totalStudents":0}
{"level":"info","message":{"duration":"45ms","method":"GET","params":{},"path":"/api/dashboard/stats","query":{},"status":200},"timestamp":"2025-06-18T05:37:56.228Z"}
{"courseId":"6852518725104da9d1cfa3fe","level":"info","message":"New course created:","name":"Computer Networks","timestamp":"2025-06-18T05:41:27.057Z"}
{"level":"info","message":{"body":{"description":"Know about IP addresses","duration":6,"name":"Computer Networks","status":"active"},"duration":"14ms","method":"POST","params":{},"path":"/api/courses","query":{},"status":201},"timestamp":"2025-06-18T05:41:27.062Z"}
{"level":"info","message":"Retrieved 1 courses successfully","timestamp":"2025-06-18T05:41:27.077Z"}
{"level":"info","message":{"duration":"8ms","method":"GET","params":{},"path":"/api/courses","query":{},"status":200},"timestamp":"2025-06-18T05:41:27.080Z"}
{"activeCourses":1,"activeStudents":0,"courseCounts":[],"graduates":0,"level":"info","message":"Dashboard statistics retrieved successfully:","successRate":0,"timestamp":"2025-06-18T05:41:27.129Z","totalCourses":1,"totalStudents":0}
{"level":"info","message":{"duration":"44ms","method":"GET","params":{},"path":"/api/dashboard/stats","query":{},"status":200},"timestamp":"2025-06-18T05:41:27.133Z"}
{"level":"info","message":"Retrieved 0 students successfully","timestamp":"2025-06-18T05:41:29.461Z"}
{"level":"info","message":{"duration":"10ms","method":"GET","params":{},"path":"/api/students","query":{},"status":304},"timestamp":"2025-06-18T05:41:29.465Z"}
{"activeCourses":1,"activeStudents":0,"courseCounts":[],"graduates":0,"level":"info","message":"Dashboard statistics retrieved successfully:","successRate":0,"timestamp":"2025-06-18T05:41:29.509Z","totalCourses":1,"totalStudents":0}
{"level":"info","message":{"duration":"46ms","method":"GET","params":{},"path":"/api/dashboard/stats","query":{},"status":304},"timestamp":"2025-06-18T05:41:29.513Z"}
{"course":"6852518725104da9d1cfa3fe","level":"info","message":"New student created:","name":"Mekapothula Durga Venkateswara Reddy","studentId":"6852523425104da9d1cfa40e","timestamp":"2025-06-18T05:44:20.309Z"}
{"level":"info","message":{"body":{"course":"6852518725104da9d1cfa3fe","email":"venkateswara.22bcb7296@vitapstudent.ac.in","enrollmentDate":"2004-01-01","name":"Mekapothula Durga Venkateswara Reddy","status":"active"},"duration":"15ms","method":"POST","params":{},"path":"/api/students","query":{},"status":201},"timestamp":"2025-06-18T05:44:20.314Z"}
{"level":"info","message":"Retrieved 1 students successfully","timestamp":"2025-06-18T05:44:20.331Z"}
{"level":"info","message":{"duration":"13ms","method":"GET","params":{},"path":"/api/students","query":{},"status":200},"timestamp":"2025-06-18T05:44:20.336Z"}
{"activeCourses":1,"activeStudents":1,"courseCounts":[{"_id":"6852518725104da9d1cfa3fe","count":1}],"graduates":0,"level":"info","message":"Dashboard statistics retrieved successfully:","successRate":0,"timestamp":"2025-06-18T05:44:20.394Z","totalCourses":1,"totalStudents":1}
{"level":"info","message":{"duration":"45ms","method":"GET","params":{},"path":"/api/dashboard/stats","query":{},"status":200},"timestamp":"2025-06-18T05:44:20.398Z"}
{"level":"info","message":{"duration":"6ms","method":"GET","params":{"id":"6852523425104da9d1cfa40e"},"path":"/api/students/6852523425104da9d1cfa40e","query":{},"status":200},"timestamp":"2025-06-18T05:51:23.464Z"}
{"level":"info","message":"Retrieved 1 courses successfully","timestamp":"2025-06-18T05:51:28.006Z"}
{"level":"info","message":{"duration":"5ms","method":"GET","params":{},"path":"/api/courses","query":{},"status":304},"timestamp":"2025-06-18T05:51:28.008Z"}
{"courseId":"685253fd25104da9d1cfa419","level":"info","message":"New course created:","name":"MongoDB","timestamp":"2025-06-18T05:51:57.973Z"}
{"level":"info","message":{"body":{"description":"Learn NoSQL","duration":4,"name":"MongoDB","status":"active"},"duration":"4ms","method":"POST","params":{},"path":"/api/courses","query":{},"status":201},"timestamp":"2025-06-18T05:51:57.974Z"}
{"level":"info","message":"Retrieved 2 courses successfully","timestamp":"2025-06-18T05:51:57.980Z"}
{"level":"info","message":{"duration":"4ms","method":"GET","params":{},"path":"/api/courses","query":{},"status":200},"timestamp":"2025-06-18T05:51:57.982Z"}
{"activeCourses":2,"activeStudents":1,"courseCounts":[{"_id":"6852518725104da9d1cfa3fe","count":1}],"graduates":0,"level":"info","message":"Dashboard statistics retrieved successfully:","successRate":0,"timestamp":"2025-06-18T05:51:58.008Z","totalCourses":2,"totalStudents":1}
{"level":"info","message":{"duration":"24ms","method":"GET","params":{},"path":"/api/dashboard/stats","query":{},"status":200},"timestamp":"2025-06-18T05:51:58.010Z"}
{"level":"info","message":"Retrieved 1 students successfully","timestamp":"2025-06-18T05:52:00.672Z"}
{"level":"info","message":{"duration":"6ms","method":"GET","params":{},"path":"/api/students","query":{},"status":304},"timestamp":"2025-06-18T05:52:00.674Z"}
{"activeCourses":2,"activeStudents":1,"courseCounts":[{"_id":"6852518725104da9d1cfa3fe","count":1}],"graduates":0,"level":"info","message":"Dashboard statistics retrieved successfully:","successRate":0,"timestamp":"2025-06-18T05:52:00.691Z","totalCourses":2,"totalStudents":1}
{"level":"info","message":{"duration":"22ms","method":"GET","params":{},"path":"/api/dashboard/stats","query":{},"status":304},"timestamp":"2025-06-18T05:52:00.693Z"}
{"level":"info","message":{"duration":"5ms","method":"GET","params":{"id":"6852523425104da9d1cfa40e"},"path":"/api/students/6852523425104da9d1cfa40e","query":{},"status":304},"timestamp":"2025-06-18T05:52:02.601Z"}
{"course":"685253fd25104da9d1cfa419","level":"info","message":"Student updated successfully:","name":"Mekapothula Durga Venkateswara Reddy","studentId":"6852523425104da9d1cfa40e","timestamp":"2025-06-18T05:53:38.839Z"}
{"level":"info","message":{"body":{"course":"685253fd25104da9d1cfa419","email":"venkateswara.22bcb7296@vitapstudent.ac.in","enrollmentDate":"2004-01-01","name":"Mekapothula Durga Venkateswara Reddy","status":"active"},"duration":"15ms","method":"PUT","params":{"id":"6852523425104da9d1cfa40e"},"path":"/api/students/6852523425104da9d1cfa40e","query":{},"status":200},"timestamp":"2025-06-18T05:53:38.845Z"}
{"level":"info","message":"Retrieved 1 students successfully","timestamp":"2025-06-18T05:53:38.863Z"}
{"level":"info","message":{"duration":"9ms","method":"GET","params":{},"path":"/api/students","query":{},"status":200},"timestamp":"2025-06-18T05:53:38.867Z"}
{"activeCourses":2,"activeStudents":1,"courseCounts":[{"_id":"685253fd25104da9d1cfa419","count":1}],"graduates":0,"level":"info","message":"Dashboard statistics retrieved successfully:","successRate":0,"timestamp":"2025-06-18T05:53:38.919Z","totalCourses":2,"totalStudents":1}
{"level":"info","message":{"duration":"43ms","method":"GET","params":{},"path":"/api/dashboard/stats","query":{},"status":200},"timestamp":"2025-06-18T05:53:38.923Z"}
{"course":"685253fd25104da9d1cfa419","level":"info","message":"Student deleted successfully:","name":"Mekapothula Durga Venkateswara Reddy","studentId":"6852523425104da9d1cfa40e","timestamp":"2025-06-18T05:57:16.086Z"}
{"level":"info","message":{"duration":"11ms","method":"DELETE","params":{"id":"6852523425104da9d1cfa40e"},"path":"/api/students/6852523425104da9d1cfa40e","query":{},"status":200},"timestamp":"2025-06-18T05:57:16.090Z"}
{"level":"info","message":"Retrieved 0 students successfully","timestamp":"2025-06-18T05:57:16.106Z"}
{"level":"info","message":{"duration":"10ms","method":"GET","params":{},"path":"/api/students","query":{},"status":200},"timestamp":"2025-06-18T05:57:16.110Z"}
{"activeCourses":2,"activeStudents":0,"courseCounts":[],"graduates":0,"level":"info","message":"Dashboard statistics retrieved successfully:","successRate":0,"timestamp":"2025-06-18T05:57:16.162Z","totalCourses":2,"totalStudents":0}
{"level":"info","message":{"duration":"44ms","method":"GET","params":{},"path":"/api/dashboard/stats","query":{},"status":200},"timestamp":"2025-06-18T05:57:16.166Z"}
{"course":"6852518725104da9d1cfa3fe","level":"info","message":"New student created:","name":"Mekapothula Durga Venkateswara Reddy","studentId":"685255e125104da9d1cfa43a","timestamp":"2025-06-18T06:00:01.598Z"}
{"level":"info","message":{"body":{"course":"6852518725104da9d1cfa3fe","email":"venkateswara.22bcb7296@vitapstudent.ac.in","enrollmentDate":"2004-01-01","name":"Mekapothula Durga Venkateswara Reddy","status":"active"},"duration":"16ms","method":"POST","params":{},"path":"/api/students","query":{},"status":201},"timestamp":"2025-06-18T06:00:01.604Z"}
{"level":"info","message":"Retrieved 1 students successfully","timestamp":"2025-06-18T06:00:01.626Z"}
{"level":"info","message":{"duration":"10ms","method":"GET","params":{},"path":"/api/students","query":{},"status":200},"timestamp":"2025-06-18T06:00:01.631Z"}
{"activeCourses":2,"activeStudents":1,"courseCounts":[{"_id":"6852518725104da9d1cfa3fe","count":1}],"graduates":0,"level":"info","message":"Dashboard statistics retrieved successfully:","successRate":0,"timestamp":"2025-06-18T06:00:01.683Z","totalCourses":2,"totalStudents":1}
{"level":"info","message":{"duration":"46ms","method":"GET","params":{},"path":"/api/dashboard/stats","query":{},"status":200},"timestamp":"2025-06-18T06:00:01.687Z"}
{"course":"685253fd25104da9d1cfa419","level":"info","message":"New student created:","name":"Vamsi","studentId":"6852560b25104da9d1cfa443","timestamp":"2025-06-18T06:00:43.377Z"}
{"level":"info","message":{"body":{"course":"685253fd25104da9d1cfa419","email":"vamsi@99","enrollmentDate":"2004-02-22","name":"Vamsi","status":"active"},"duration":"11ms","method":"POST","params":{},"path":"/api/students","query":{},"status":201},"timestamp":"2025-06-18T06:00:43.381Z"}
{"level":"info","message":"Retrieved 2 students successfully","timestamp":"2025-06-18T06:00:43.398Z"}
{"level":"info","message":{"duration":"12ms","method":"GET","params":{},"path":"/api/students","query":{},"status":200},"timestamp":"2025-06-18T06:00:43.403Z"}
{"activeCourses":2,"activeStudents":2,"courseCounts":[{"_id":"6852518725104da9d1cfa3fe","count":1},{"_id":"685253fd25104da9d1cfa419","count":1}],"graduates":0,"level":"info","message":"Dashboard statistics retrieved successfully:","successRate":0,"timestamp":"2025-06-18T06:00:43.460Z","totalCourses":2,"totalStudents":2}
{"level":"info","message":{"duration":"47ms","method":"GET","params":{},"path":"/api/dashboard/stats","query":{},"status":200},"timestamp":"2025-06-18T06:00:43.464Z"}
{"course":"6852518725104da9d1cfa3fe","level":"info","message":"New student created:","name":"Balaji","studentId":"6852562725104da9d1cfa44c","timestamp":"2025-06-18T06:01:11.812Z"}
{"level":"info","message":{"body":{"course":"6852518725104da9d1cfa3fe","email":"Balaji@99","enrollmentDate":"2004-02-02","name":"Balaji","status":"active"},"duration":"11ms","method":"POST","params":{},"path":"/api/students","query":{},"status":201},"timestamp":"2025-06-18T06:01:11.816Z"}
{"level":"info","message":"Retrieved 3 students successfully","timestamp":"2025-06-18T06:01:11.832Z"}
{"level":"info","message":{"duration":"12ms","method":"GET","params":{},"path":"/api/students","query":{},"status":200},"timestamp":"2025-06-18T06:01:11.838Z"}
{"activeCourses":2,"activeStudents":3,"courseCounts":[{"_id":"6852518725104da9d1cfa3fe","count":2},{"_id":"685253fd25104da9d1cfa419","count":1}],"graduates":0,"level":"info","message":"Dashboard statistics retrieved successfully:","successRate":0,"timestamp":"2025-06-18T06:01:11.894Z","totalCourses":2,"totalStudents":3}
{"level":"info","message":{"duration":"44ms","method":"GET","params":{},"path":"/api/dashboard/stats","query":{},"status":200},"timestamp":"2025-06-18T06:01:11.899Z"}
{"level":"info","message":{"duration":"9ms","method":"GET","params":{"id":"685255e125104da9d1cfa43a"},"path":"/api/students/685255e125104da9d1cfa43a","query":{},"status":200},"timestamp":"2025-06-18T06:01:31.713Z"}
{"course":"6852518725104da9d1cfa3fe","level":"info","message":"Student updated successfully:","name":"Durga","studentId":"685255e125104da9d1cfa43a","timestamp":"2025-06-18T06:02:01.560Z"}
{"level":"info","message":{"body":{"course":"6852518725104da9d1cfa3fe","email":"durga@123","enrollmentDate":"2004-09-01","name":"Durga","status":"active"},"duration":"12ms","method":"PUT","params":{"id":"685255e125104da9d1cfa43a"},"path":"/api/students/685255e125104da9d1cfa43a","query":{},"status":200},"timestamp":"2025-06-18T06:02:01.566Z"}
{"level":"info","message":"Retrieved 3 students successfully","timestamp":"2025-06-18T06:02:01.583Z"}
{"level":"info","message":{"duration":"11ms","method":"GET","params":{},"path":"/api/students","query":{},"status":200},"timestamp":"2025-06-18T06:02:01.587Z"}
{"activeCourses":2,"activeStudents":3,"courseCounts":[{"_id":"685253fd25104da9d1cfa419","count":1},{"_id":"6852518725104da9d1cfa3fe","count":2}],"graduates":0,"level":"info","message":"Dashboard statistics retrieved successfully:","successRate":0,"timestamp":"2025-06-18T06:02:01.643Z","totalCourses":2,"totalStudents":3}
{"level":"info","message":{"duration":"43ms","method":"GET","params":{},"path":"/api/dashboard/stats","query":{},"status":200},"timestamp":"2025-06-18T06:02:01.647Z"}
{"level":"info","message":"Retrieved 2 courses successfully","timestamp":"2025-06-18T06:02:21.207Z"}
{"level":"info","message":{"duration":"11ms","method":"GET","params":{},"path":"/api/courses","query":{},"status":304},"timestamp":"2025-06-18T06:02:21.211Z"}
{"level":"info","message":"Retrieved 3 students successfully","timestamp":"2025-06-18T06:02:21.238Z"}
{"level":"info","message":{"duration":"15ms","method":"GET","params":{},"path":"/api/students","query":{},"status":304},"timestamp":"2025-06-18T06:02:21.243Z"}
{"activeCourses":2,"activeStudents":3,"courseCounts":[{"_id":"6852518725104da9d1cfa3fe","count":2},{"_id":"685253fd25104da9d1cfa419","count":1}],"graduates":0,"level":"info","message":"Dashboard statistics retrieved successfully:","successRate":0,"timestamp":"2025-06-18T06:02:21.283Z","totalCourses":2,"totalStudents":3}
{"level":"info","message":{"duration":"55ms","method":"GET","params":{},"path":"/api/dashboard/stats","query":{},"status":200},"timestamp":"2025-06-18T06:02:21.287Z"}
{"level":"info","message":"Retrieved 3 students successfully","timestamp":"2025-06-18T06:02:22.971Z"}
{"level":"info","message":{"duration":"16ms","method":"GET","params":{},"path":"/api/students","query":{},"status":304},"timestamp":"2025-06-18T06:02:22.976Z"}
{"activeCourses":2,"activeStudents":3,"courseCounts":[{"_id":"685253fd25104da9d1cfa419","count":1},{"_id":"6852518725104da9d1cfa3fe","count":2}],"graduates":0,"level":"info","message":"Dashboard statistics retrieved successfully:","successRate":0,"timestamp":"2025-06-18T06:02:23.014Z","totalCourses":2,"totalStudents":3}
{"level":"info","message":{"duration":"53ms","method":"GET","params":{},"path":"/api/dashboard/stats","query":{},"status":200},"timestamp":"2025-06-18T06:02:23.018Z"}
{"level":"info","message":"Retrieved 3 students successfully","timestamp":"2025-06-18T06:02:25.260Z"}
{"level":"info","message":{"duration":"12ms","method":"GET","params":{},"path":"/api/students","query":{},"status":304},"timestamp":"2025-06-18T06:02:25.266Z"}
{"activeCourses":2,"activeStudents":3,"courseCounts":[{"_id":"685253fd25104da9d1cfa419","count":1},{"_id":"6852518725104da9d1cfa3fe","count":2}],"graduates":0,"level":"info","message":"Dashboard statistics retrieved successfully:","successRate":0,"timestamp":"2025-06-18T06:02:25.302Z","totalCourses":2,"totalStudents":3}
{"level":"info","message":{"duration":"50ms","method":"GET","params":{},"path":"/api/dashboard/stats","query":{},"status":304},"timestamp":"2025-06-18T06:02:25.306Z"}
{"level":"info","message":"Retrieved 3 students successfully","timestamp":"2025-06-18T06:02:27.906Z"}
{"level":"info","message":{"duration":"14ms","method":"GET","params":{},"path":"/api/students","query":{},"status":304},"timestamp":"2025-06-18T06:02:27.911Z"}
{"activeCourses":2,"activeStudents":3,"courseCounts":[{"_id":"6852518725104da9d1cfa3fe","count":2},{"_id":"685253fd25104da9d1cfa419","count":1}],"graduates":0,"level":"info","message":"Dashboard statistics retrieved successfully:","successRate":0,"timestamp":"2025-06-18T06:02:27.948Z","totalCourses":2,"totalStudents":3}
{"level":"info","message":{"duration":"54ms","method":"GET","params":{},"path":"/api/dashboard/stats","query":{},"status":200},"timestamp":"2025-06-18T06:02:27.954Z"}
{"level":"info","message":"Student search initiated:","searchTerm":"bal","timestamp":"2025-06-18T06:02:33.402Z"}
{"level":"info","message":"Student search completed:","resultsCount":1,"searchTerm":"bal","timestamp":"2025-06-18T06:02:33.417Z"}
{"level":"info","message":{"duration":"20ms","method":"GET","params":{},"path":"/api/students/search","query":{"q":"bal"},"status":200},"timestamp":"2025-06-18T06:02:33.422Z"}
{"level":"info","message":"Retrieved 3 students successfully","timestamp":"2025-06-18T06:02:36.033Z"}
{"level":"info","message":{"duration":"9ms","method":"GET","params":{},"path":"/api/students","query":{},"status":304},"timestamp":"2025-06-18T06:02:36.037Z"}
{"course":"6852518725104da9d1cfa3fe","level":"info","message":"New student created:","name":"Tarun","studentId":"685256a525104da9d1cfa47d","timestamp":"2025-06-18T06:03:17.784Z"}
{"level":"info","message":{"body":{"course":"6852518725104da9d1cfa3fe","email":"tarun@456","enrollmentDate":"2004-08-24","name":"Tarun","status":"active"},"duration":"15ms","method":"POST","params":{},"path":"/api/students","query":{},"status":201},"timestamp":"2025-06-18T06:03:17.789Z"}
{"level":"info","message":"Retrieved 4 students successfully","timestamp":"2025-06-18T06:03:17.805Z"}
{"level":"info","message":{"duration":"11ms","method":"GET","params":{},"path":"/api/students","query":{},"status":200},"timestamp":"2025-06-18T06:03:17.809Z"}
{"activeCourses":2,"activeStudents":4,"courseCounts":[{"_id":"685253fd25104da9d1cfa419","count":1},{"_id":"6852518725104da9d1cfa3fe","count":3}],"graduates":0,"level":"info","message":"Dashboard statistics retrieved successfully:","successRate":0,"timestamp":"2025-06-18T06:03:17.866Z","totalCourses":2,"totalStudents":4}
{"level":"info","message":{"duration":"44ms","method":"GET","params":{},"path":"/api/dashboard/stats","query":{},"status":200},"timestamp":"2025-06-18T06:03:17.870Z"}
{"course":"6852518725104da9d1cfa3fe","level":"info","message":"New student created:","name":"purna","studentId":"685256dd25104da9d1cfa486","timestamp":"2025-06-18T06:04:13.721Z"}
{"level":"info","message":{"body":{"course":"6852518725104da9d1cfa3fe","email":"purna@55","enrollmentDate":"2005-12-27","name":"purna","status":"active"},"duration":"12ms","method":"POST","params":{},"path":"/api/students","query":{},"status":201},"timestamp":"2025-06-18T06:04:13.725Z"}
{"level":"info","message":"Retrieved 5 students successfully","timestamp":"2025-06-18T06:04:13.739Z"}
{"level":"info","message":{"duration":"10ms","method":"GET","params":{},"path":"/api/students","query":{},"status":200},"timestamp":"2025-06-18T06:04:13.743Z"}
{"activeCourses":2,"activeStudents":5,"courseCounts":[{"_id":"6852518725104da9d1cfa3fe","count":4},{"_id":"685253fd25104da9d1cfa419","count":1}],"graduates":0,"level":"info","message":"Dashboard statistics retrieved successfully:","successRate":0,"timestamp":"2025-06-18T06:04:13.802Z","totalCourses":2,"totalStudents":5}
{"level":"info","message":{"duration":"46ms","method":"GET","params":{},"path":"/api/dashboard/stats","query":{},"status":200},"timestamp":"2025-06-18T06:04:13.806Z"}
{"course":"685253fd25104da9d1cfa419","level":"info","message":"New student created:","name":"madhu","studentId":"685256fd25104da9d1cfa48f","timestamp":"2025-06-18T06:04:45.243Z"}
{"level":"info","message":{"body":{"course":"685253fd25104da9d1cfa419","email":"madhu@45","enrollmentDate":"2004-05-13","name":"madhu","status":"active"},"duration":"5ms","method":"POST","params":{},"path":"/api/students","query":{},"status":201},"timestamp":"2025-06-18T06:04:45.245Z"}
{"level":"info","message":"Retrieved 6 students successfully","timestamp":"2025-06-18T06:04:45.253Z"}
{"level":"info","message":{"duration":"5ms","method":"GET","params":{},"path":"/api/students","query":{},"status":200},"timestamp":"2025-06-18T06:04:45.255Z"}
{"activeCourses":2,"activeStudents":6,"courseCounts":[{"_id":"685253fd25104da9d1cfa419","count":2},{"_id":"6852518725104da9d1cfa3fe","count":4}],"graduates":0,"level":"info","message":"Dashboard statistics retrieved successfully:","successRate":0,"timestamp":"2025-06-18T06:04:45.287Z","totalCourses":2,"totalStudents":6}
{"level":"info","message":{"duration":"24ms","method":"GET","params":{},"path":"/api/dashboard/stats","query":{},"status":200},"timestamp":"2025-06-18T06:04:45.290Z"}
{"course":"6852518725104da9d1cfa3fe","level":"info","message":"New student created:","name":"kasyap","studentId":"6852571b25104da9d1cfa498","timestamp":"2025-06-18T06:05:15.925Z"}
{"level":"info","message":{"body":{"course":"6852518725104da9d1cfa3fe","email":"kasyap@345","enrollmentDate":"2004-08-08","name":"kasyap","status":"active"},"duration":"11ms","method":"POST","params":{},"path":"/api/students","query":{},"status":201},"timestamp":"2025-06-18T06:05:15.929Z"}
{"level":"info","message":"Retrieved 7 students successfully","timestamp":"2025-06-18T06:05:15.948Z"}
{"level":"info","message":{"duration":"14ms","method":"GET","params":{},"path":"/api/students","query":{},"status":200},"timestamp":"2025-06-18T06:05:15.953Z"}
{"activeCourses":2,"activeStudents":7,"courseCounts":[{"_id":"6852518725104da9d1cfa3fe","count":5},{"_id":"685253fd25104da9d1cfa419","count":2}],"graduates":0,"level":"info","message":"Dashboard statistics retrieved successfully:","successRate":0,"timestamp":"2025-06-18T06:05:16.016Z","totalCourses":2,"totalStudents":7}
{"level":"info","message":{"duration":"43ms","method":"GET","params":{},"path":"/api/dashboard/stats","query":{},"status":200},"timestamp":"2025-06-18T06:05:16.020Z"}
{"level":"info","message":"Student search initiated:","searchTerm":"a","timestamp":"2025-06-18T06:05:41.183Z"}
{"level":"info","message":"Student search completed:","resultsCount":7,"searchTerm":"a","timestamp":"2025-06-18T06:05:41.192Z"}
{"level":"info","message":{"duration":"15ms","method":"GET","params":{},"path":"/api/students/search","query":{"q":"a"},"status":200},"timestamp":"2025-06-18T06:05:41.198Z"}
{"level":"info","message":"Student search initiated:","searchTerm":"am","timestamp":"2025-06-18T06:05:46.573Z"}
{"level":"info","message":"Student search completed:","resultsCount":1,"searchTerm":"am","timestamp":"2025-06-18T06:05:46.581Z"}
{"level":"info","message":{"duration":"12ms","method":"GET","params":{},"path":"/api/students/search","query":{"q":"am"},"status":200},"timestamp":"2025-06-18T06:05:46.586Z"}
{"level":"info","message":"Student search initiated:","searchTerm":"a","timestamp":"2025-06-18T06:05:48.241Z"}
{"level":"info","message":"Student search completed:","resultsCount":7,"searchTerm":"a","timestamp":"2025-06-18T06:05:48.249Z"}
{"level":"info","message":{"duration":"12ms","method":"GET","params":{},"path":"/api/students/search","query":{"q":"a"},"status":304},"timestamp":"2025-06-18T06:05:48.253Z"}
{"level":"info","message":"Retrieved 7 students successfully","timestamp":"2025-06-18T06:06:03.422Z"}
{"level":"info","message":{"duration":"10ms","method":"GET","params":{},"path":"/api/students","query":{},"status":304},"timestamp":"2025-06-18T06:06:03.426Z"}
{"level":"info","message":"Student search initiated:","searchTerm":"ka","timestamp":"2025-06-18T06:06:04.863Z"}
{"level":"info","message":"Student search completed:","resultsCount":1,"searchTerm":"ka","timestamp":"2025-06-18T06:06:04.870Z"}
{"level":"info","message":{"duration":"11ms","method":"GET","params":{},"path":"/api/students/search","query":{"q":"ka"},"status":200},"timestamp":"2025-06-18T06:06:04.874Z"}
{"level":"info","message":{"duration":"8ms","method":"GET","params":{"id":"6852571b25104da9d1cfa498"},"path":"/api/students/6852571b25104da9d1cfa498","query":{},"status":200},"timestamp":"2025-06-18T06:06:09.894Z"}
{"course":"6852518725104da9d1cfa3fe","level":"info","message":"Student updated successfully:","name":"kashyap","studentId":"6852571b25104da9d1cfa498","timestamp":"2025-06-18T06:06:14.881Z"}
{"level":"info","message":{"body":{"course":"6852518725104da9d1cfa3fe","email":"kasyap@345","enrollmentDate":"2004-08-08","name":"kashyap","status":"active"},"duration":"11ms","method":"PUT","params":{"id":"6852571b25104da9d1cfa498"},"path":"/api/students/6852571b25104da9d1cfa498","query":{},"status":200},"timestamp":"2025-06-18T06:06:14.885Z"}
{"level":"info","message":"Retrieved 7 students successfully","timestamp":"2025-06-18T06:06:14.900Z"}
{"level":"info","message":{"duration":"12ms","method":"GET","params":{},"path":"/api/students","query":{},"status":200},"timestamp":"2025-06-18T06:06:14.906Z"}
{"activeCourses":2,"activeStudents":7,"courseCounts":[{"_id":"6852518725104da9d1cfa3fe","count":5},{"_id":"685253fd25104da9d1cfa419","count":2}],"graduates":0,"level":"info","message":"Dashboard statistics retrieved successfully:","successRate":0,"timestamp":"2025-06-18T06:06:14.971Z","totalCourses":2,"totalStudents":7}
{"level":"info","message":{"duration":"47ms","method":"GET","params":{},"path":"/api/dashboard/stats","query":{},"status":304},"timestamp":"2025-06-18T06:06:14.975Z"}
{"level":"info","message":"Student search initiated:","searchTerm":"k","timestamp":"2025-06-18T06:06:29.588Z"}
{"level":"info","message":"Student search completed:","resultsCount":1,"searchTerm":"k","timestamp":"2025-06-18T06:06:29.596Z"}
{"level":"info","message":{"duration":"11ms","method":"GET","params":{},"path":"/api/students/search","query":{"q":"k"},"status":200},"timestamp":"2025-06-18T06:06:29.599Z"}
{"level":"info","message":"Retrieved 7 students successfully","timestamp":"2025-06-18T06:06:30.010Z"}
{"level":"info","message":{"duration":"11ms","method":"GET","params":{},"path":"/api/students","query":{},"status":304},"timestamp":"2025-06-18T06:06:30.015Z"}
{"level":"info","message":"Student search initiated:","searchTerm":"b","timestamp":"2025-06-18T06:06:31.668Z"}
{"level":"info","message":"Student search completed:","resultsCount":1,"searchTerm":"b","timestamp":"2025-06-18T06:06:31.675Z"}
{"level":"info","message":{"duration":"10ms","method":"GET","params":{},"path":"/api/students/search","query":{"q":"b"},"status":200},"timestamp":"2025-06-18T06:06:31.679Z"}
{"level":"info","message":"Retrieved 7 students successfully","timestamp":"2025-06-18T06:06:33.120Z"}
{"level":"info","message":{"duration":"8ms","method":"GET","params":{},"path":"/api/students","query":{},"status":304},"timestamp":"2025-06-18T06:06:33.123Z"}
{"level":"info","message":"Student search initiated:","searchTerm":"b","timestamp":"2025-06-18T06:06:36.760Z"}
{"level":"info","message":"Student search completed:","resultsCount":1,"searchTerm":"b","timestamp":"2025-06-18T06:06:36.767Z"}
{"level":"info","message":{"duration":"11ms","method":"GET","params":{},"path":"/api/students/search","query":{"q":"b"},"status":304},"timestamp":"2025-06-18T06:06:36.771Z"}
{"level":"info","message":"Student search initiated:","searchTerm":"bal","timestamp":"2025-06-18T06:06:42.252Z"}
{"level":"info","message":"Student search completed:","resultsCount":1,"searchTerm":"bal","timestamp":"2025-06-18T06:06:42.259Z"}
{"level":"info","message":{"duration":"12ms","method":"GET","params":{},"path":"/api/students/search","query":{"q":"bal"},"status":304},"timestamp":"2025-06-18T06:06:42.264Z"}
{"level":"info","message":"Retrieved 7 students successfully","timestamp":"2025-06-18T06:07:00.901Z"}
{"level":"info","message":{"duration":"11ms","method":"GET","params":{},"path":"/api/students","query":{},"status":304},"timestamp":"2025-06-18T06:07:00.906Z"}
{"level":"info","message":"Student search initiated:","searchTerm":"22","timestamp":"2025-06-18T06:07:04.086Z"}
{"level":"info","message":"Student search completed:","resultsCount":0,"searchTerm":"22","timestamp":"2025-06-18T06:07:04.092Z"}
{"level":"info","message":{"duration":"9ms","method":"GET","params":{},"path":"/api/students/search","query":{"q":"22"},"status":200},"timestamp":"2025-06-18T06:07:04.095Z"}
{"level":"info","message":"Student search initiated:","searchTerm":"2","timestamp":"2025-06-18T06:07:05.910Z"}
{"level":"info","message":"Student search completed:","resultsCount":7,"searchTerm":"2","timestamp":"2025-06-18T06:07:05.918Z"}
{"level":"info","message":{"duration":"12ms","method":"GET","params":{},"path":"/api/students/search","query":{"q":"2"},"status":200},"timestamp":"2025-06-18T06:07:05.923Z"}
{"level":"info","message":"Retrieved 7 students successfully","timestamp":"2025-06-18T06:07:06.311Z"}
{"level":"info","message":{"duration":"10ms","method":"GET","params":{},"path":"/api/students","query":{},"status":304},"timestamp":"2025-06-18T06:07:06.315Z"}
{"level":"info","message":"Student search initiated:","searchTerm":"98","timestamp":"2025-06-18T06:07:12.391Z"}
{"level":"info","message":"Student search completed:","resultsCount":0,"searchTerm":"98","timestamp":"2025-06-18T06:07:12.398Z"}
{"level":"info","message":{"duration":"11ms","method":"GET","params":{},"path":"/api/students/search","query":{"q":"98"},"status":200},"timestamp":"2025-06-18T06:07:12.402Z"}
{"level":"info","message":"Student search initiated:","searchTerm":"9","timestamp":"2025-06-18T06:07:13.555Z"}
{"level":"info","message":"Student search completed:","resultsCount":7,"searchTerm":"9","timestamp":"2025-06-18T06:07:13.564Z"}
{"level":"info","message":{"duration":"15ms","method":"GET","params":{},"path":"/api/students/search","query":{"q":"9"},"status":200},"timestamp":"2025-06-18T06:07:13.570Z"}
{"level":"info","message":"Retrieved 7 students successfully","timestamp":"2025-06-18T06:07:14.094Z"}
{"level":"info","message":{"duration":"10ms","method":"GET","params":{},"path":"/api/students","query":{},"status":304},"timestamp":"2025-06-18T06:07:14.098Z"}
{"level":"info","message":"Retrieved 2 courses successfully","timestamp":"2025-06-18T06:07:57.602Z"}
{"level":"info","message":{"duration":"11ms","method":"GET","params":{},"path":"/api/courses","query":{},"status":304},"timestamp":"2025-06-18T06:07:57.607Z"}
{"level":"info","message":"Student search initiated:","searchTerm":"m","timestamp":"2025-06-18T06:08:01.579Z"}
{"level":"info","message":"Student search completed:","resultsCount":2,"searchTerm":"m","timestamp":"2025-06-18T06:08:01.586Z"}
{"level":"info","message":{"duration":"11ms","method":"GET","params":{},"path":"/api/students/search","query":{"q":"m"},"status":200},"timestamp":"2025-06-18T06:08:01.591Z"}
{"level":"info","message":"Student search initiated:","searchTerm":"mo","timestamp":"2025-06-18T06:08:03.279Z"}
{"level":"info","message":"Student search completed:","resultsCount":0,"searchTerm":"mo","timestamp":"2025-06-18T06:08:03.285Z"}
{"level":"info","message":{"duration":"11ms","method":"GET","params":{},"path":"/api/students/search","query":{"q":"mo"},"status":200},"timestamp":"2025-06-18T06:08:03.289Z"}
{"level":"info","message":"Student search initiated:","searchTerm":"mon","timestamp":"2025-06-18T06:08:04.611Z"}
{"level":"info","message":"Student search completed:","resultsCount":0,"searchTerm":"mon","timestamp":"2025-06-18T06:08:04.619Z"}
{"level":"info","message":{"duration":"12ms","method":"GET","params":{},"path":"/api/students/search","query":{"q":"mon"},"status":200},"timestamp":"2025-06-18T06:08:04.624Z"}
{"level":"info","message":"Student search initiated:","searchTerm":"mo","timestamp":"2025-06-18T06:08:09.122Z"}
{"level":"info","message":"Student search completed:","resultsCount":0,"searchTerm":"mo","timestamp":"2025-06-18T06:08:09.128Z"}
{"level":"info","message":{"duration":"9ms","method":"GET","params":{},"path":"/api/students/search","query":{"q":"mo"},"status":304},"timestamp":"2025-06-18T06:08:09.131Z"}
{"level":"info","message":"Student search initiated:","searchTerm":"m","timestamp":"2025-06-18T06:08:09.872Z"}
{"level":"info","message":"Student search completed:","resultsCount":2,"searchTerm":"m","timestamp":"2025-06-18T06:08:09.879Z"}
{"level":"info","message":{"duration":"12ms","method":"GET","params":{},"path":"/api/students/search","query":{"q":"m"},"status":304},"timestamp":"2025-06-18T06:08:09.884Z"}
{"level":"info","message":"Retrieved 7 students successfully","timestamp":"2025-06-18T06:08:10.239Z"}
{"level":"info","message":{"duration":"8ms","method":"GET","params":{},"path":"/api/students","query":{},"status":304},"timestamp":"2025-06-18T06:08:10.243Z"}
{"level":"info","message":"Student search initiated:","searchTerm":"co","timestamp":"2025-06-18T06:08:11.932Z"}
{"level":"info","message":"Student search completed:","resultsCount":0,"searchTerm":"co","timestamp":"2025-06-18T06:08:11.940Z"}
{"level":"info","message":{"duration":"13ms","method":"GET","params":{},"path":"/api/students/search","query":{"q":"co"},"status":200},"timestamp":"2025-06-18T06:08:11.945Z"}
{"level":"info","message":"Student search initiated:","searchTerm":"co","timestamp":"2025-06-18T06:08:12.308Z"}
{"level":"info","message":"Student search completed:","resultsCount":0,"searchTerm":"co","timestamp":"2025-06-18T06:08:12.314Z"}
{"level":"info","message":{"duration":"9ms","method":"GET","params":{},"path":"/api/students/search","query":{"q":"co"},"status":304},"timestamp":"2025-06-18T06:08:12.317Z"}
{"level":"info","message":"Retrieved 7 students successfully","timestamp":"2025-06-18T06:08:13.510Z"}
{"level":"info","message":{"duration":"10ms","method":"GET","params":{},"path":"/api/students","query":{},"status":304},"timestamp":"2025-06-18T06:08:13.514Z"}
{"level":"info","message":"Retrieved 7 students successfully","timestamp":"2025-06-18T06:08:18.117Z"}
{"level":"info","message":{"duration":"13ms","method":"GET","params":{},"path":"/api/students","query":{},"status":304},"timestamp":"2025-06-18T06:08:18.121Z"}
{"activeCourses":2,"activeStudents":7,"courseCounts":[{"_id":"6852518725104da9d1cfa3fe","count":5},{"_id":"685253fd25104da9d1cfa419","count":2}],"graduates":0,"level":"info","message":"Dashboard statistics retrieved successfully:","successRate":0,"timestamp":"2025-06-18T06:08:18.163Z","totalCourses":2,"totalStudents":7}
{"level":"info","message":{"duration":"42ms","method":"GET","params":{},"path":"/api/dashboard/stats","query":{},"status":304},"timestamp":"2025-06-18T06:08:18.167Z"}
{"level":"info","message":"Retrieved 7 students successfully","timestamp":"2025-06-18T06:08:19.575Z"}
{"level":"info","message":{"duration":"15ms","method":"GET","params":{},"path":"/api/students","query":{},"status":304},"timestamp":"2025-06-18T06:08:19.580Z"}
{"activeCourses":2,"activeStudents":7,"courseCounts":[{"_id":"6852518725104da9d1cfa3fe","count":5},{"_id":"685253fd25104da9d1cfa419","count":2}],"graduates":0,"level":"info","message":"Dashboard statistics retrieved successfully:","successRate":0,"timestamp":"2025-06-18T06:08:19.626Z","totalCourses":2,"totalStudents":7}
{"level":"info","message":{"duration":"61ms","method":"GET","params":{},"path":"/api/dashboard/stats","query":{},"status":304},"timestamp":"2025-06-18T06:08:19.630Z"}
{"level":"info","message":"Student search initiated:","searchTerm":"98","timestamp":"2025-06-18T06:09:25.873Z"}
{"level":"info","message":"Student search completed:","resultsCount":0,"searchTerm":"98","timestamp":"2025-06-18T06:09:25.880Z"}
{"level":"info","message":{"duration":"11ms","method":"GET","params":{},"path":"/api/students/search","query":{"q":"98"},"status":304},"timestamp":"2025-06-18T06:09:25.884Z"}
{"level":"info","message":"Retrieved 7 students successfully","timestamp":"2025-06-18T06:09:27.260Z"}
{"level":"info","message":{"duration":"10ms","method":"GET","params":{},"path":"/api/students","query":{},"status":304},"timestamp":"2025-06-18T06:09:27.264Z"}
{"level":"info","message":"Student search initiated:","searchTerm":"ba","timestamp":"2025-06-18T06:09:28.200Z"}
{"level":"info","message":"Student search completed:","resultsCount":1,"searchTerm":"ba","timestamp":"2025-06-18T06:09:28.207Z"}
{"level":"info","message":{"duration":"10ms","method":"GET","params":{},"path":"/api/students/search","query":{"q":"ba"},"status":200},"timestamp":"2025-06-18T06:09:28.211Z"}
{"level":"info","message":"Student search initiated:","searchTerm":"bala","timestamp":"2025-06-18T06:09:29.458Z"}
{"level":"info","message":"Student search completed:","resultsCount":1,"searchTerm":"bala","timestamp":"2025-06-18T06:09:29.465Z"}
{"level":"info","message":{"duration":"11ms","method":"GET","params":{},"path":"/api/students/search","query":{"q":"bala"},"status":200},"timestamp":"2025-06-18T06:09:29.469Z"}
{"level":"info","message":"Student search initiated:","searchTerm":"balaji","timestamp":"2025-06-18T06:09:30.605Z"}
{"level":"info","message":"Student search completed:","resultsCount":1,"searchTerm":"balaji","timestamp":"2025-06-18T06:09:30.612Z"}
{"level":"info","message":{"duration":"11ms","method":"GET","params":{},"path":"/api/students/search","query":{"q":"balaji"},"status":200},"timestamp":"2025-06-18T06:09:30.616Z"}
{"level":"info","message":"Student search initiated:","searchTerm":"balaj","timestamp":"2025-06-18T06:09:32.859Z"}
{"level":"info","message":"Student search completed:","resultsCount":1,"searchTerm":"balaj","timestamp":"2025-06-18T06:09:32.866Z"}
{"level":"info","message":{"duration":"12ms","method":"GET","params":{},"path":"/api/students/search","query":{"q":"balaj"},"status":200},"timestamp":"2025-06-18T06:09:32.870Z"}
{"level":"info","message":"Retrieved 7 students successfully","timestamp":"2025-06-18T06:09:33.476Z"}
{"level":"info","message":{"duration":"10ms","method":"GET","params":{},"path":"/api/students","query":{},"status":304},"timestamp":"2025-06-18T06:09:33.480Z"}
{"level":"info","message":"Retrieved 7 students successfully","timestamp":"2025-06-18T06:09:39.508Z"}
{"level":"info","message":{"duration":"16ms","method":"GET","params":{},"path":"/api/students","query":{},"status":304},"timestamp":"2025-06-18T06:09:39.514Z"}
{"activeCourses":2,"activeStudents":7,"courseCounts":[{"_id":"6852518725104da9d1cfa3fe","count":5},{"_id":"685253fd25104da9d1cfa419","count":2}],"graduates":0,"level":"info","message":"Dashboard statistics retrieved successfully:","successRate":0,"timestamp":"2025-06-18T06:09:39.553Z","totalCourses":2,"totalStudents":7}
{"level":"info","message":{"duration":"56ms","method":"GET","params":{},"path":"/api/dashboard/stats","query":{},"status":304},"timestamp":"2025-06-18T06:09:39.557Z"}
{"level":"info","message":{"duration":"8ms","method":"GET","params":{"id":"6852571b25104da9d1cfa498"},"path":"/api/students/6852571b25104da9d1cfa498","query":{},"status":200},"timestamp":"2025-06-18T06:09:43.920Z"}
{"level":"info","message":"Retrieved 2 courses successfully","timestamp":"2025-06-18T06:09:47.669Z"}
{"level":"info","message":{"duration":"13ms","method":"GET","params":{},"path":"/api/courses","query":{},"status":304},"timestamp":"2025-06-18T06:09:47.674Z"}
{"level":"info","message":{"duration":"11ms","method":"GET","params":{"id":"6852518725104da9d1cfa3fe"},"path":"/api/courses/6852518725104da9d1cfa3fe","query":{},"status":200},"timestamp":"2025-06-18T06:09:50.197Z"}
{"courseId":"6852518725104da9d1cfa3fe","level":"info","message":"Course updated successfully:","name":"Computer Networks","timestamp":"2025-06-18T06:09:55.034Z"}
{"level":"info","message":{"body":{"description":"Know about IP addresses","duration":6,"name":"Computer Networks","status":"inactive"},"duration":"11ms","method":"PUT","params":{"id":"6852518725104da9d1cfa3fe"},"path":"/api/courses/6852518725104da9d1cfa3fe","query":{},"status":200},"timestamp":"2025-06-18T06:09:55.037Z"}
{"level":"info","message":"Retrieved 2 courses successfully","timestamp":"2025-06-18T06:09:55.051Z"}
{"level":"info","message":{"duration":"10ms","method":"GET","params":{},"path":"/api/courses","query":{},"status":200},"timestamp":"2025-06-18T06:09:55.056Z"}
{"activeCourses":1,"activeStudents":7,"courseCounts":[{"_id":"6852518725104da9d1cfa3fe","count":5},{"_id":"685253fd25104da9d1cfa419","count":2}],"graduates":0,"level":"info","message":"Dashboard statistics retrieved successfully:","successRate":0,"timestamp":"2025-06-18T06:09:55.108Z","totalCourses":2,"totalStudents":7}
{"level":"info","message":{"duration":"46ms","method":"GET","params":{},"path":"/api/dashboard/stats","query":{},"status":200},"timestamp":"2025-06-18T06:09:55.112Z"}
{"level":"info","message":"Retrieved 7 students successfully","timestamp":"2025-06-18T06:09:57.375Z"}
{"level":"info","message":{"duration":"14ms","method":"GET","params":{},"path":"/api/students","query":{},"status":304},"timestamp":"2025-06-18T06:09:57.380Z"}
{"activeCourses":1,"activeStudents":7,"courseCounts":[{"_id":"6852518725104da9d1cfa3fe","count":5},{"_id":"685253fd25104da9d1cfa419","count":2}],"graduates":0,"level":"info","message":"Dashboard statistics retrieved successfully:","successRate":0,"timestamp":"2025-06-18T06:09:57.416Z","totalCourses":2,"totalStudents":7}
{"level":"info","message":{"duration":"51ms","method":"GET","params":{},"path":"/api/dashboard/stats","query":{},"status":304},"timestamp":"2025-06-18T06:09:57.420Z"}
{"level":"info","message":"Retrieved 2 courses successfully","timestamp":"2025-06-18T06:10:01.380Z"}
{"level":"info","message":{"duration":"10ms","method":"GET","params":{},"path":"/api/courses","query":{},"status":304},"timestamp":"2025-06-18T06:10:01.384Z"}
{"level":"info","message":"Retrieved 7 students successfully","timestamp":"2025-06-18T06:10:01.419Z"}
{"level":"info","message":{"duration":"17ms","method":"GET","params":{},"path":"/api/students","query":{},"status":304},"timestamp":"2025-06-18T06:10:01.424Z"}
{"activeCourses":1,"activeStudents":7,"courseCounts":[{"_id":"6852518725104da9d1cfa3fe","count":5},{"_id":"685253fd25104da9d1cfa419","count":2}],"graduates":0,"level":"info","message":"Dashboard statistics retrieved successfully:","successRate":0,"timestamp":"2025-06-18T06:10:01.455Z","totalCourses":2,"totalStudents":7}
{"level":"info","message":{"duration":"58ms","method":"GET","params":{},"path":"/api/dashboard/stats","query":{},"status":304},"timestamp":"2025-06-18T06:10:01.461Z"}
{"level":"info","message":"Retrieved 2 courses successfully","timestamp":"2025-06-18T06:10:04.896Z"}
{"level":"info","message":{"duration":"12ms","method":"GET","params":{},"path":"/api/courses","query":{},"status":304},"timestamp":"2025-06-18T06:10:04.901Z"}
{"level":"info","message":{"duration":"9ms","method":"GET","params":{"id":"6852518725104da9d1cfa3fe"},"path":"/api/courses/6852518725104da9d1cfa3fe","query":{},"status":200},"timestamp":"2025-06-18T06:10:07.442Z"}
{"courseId":"6852518725104da9d1cfa3fe","level":"info","message":"Course updated successfully:","name":"Computer Networks","timestamp":"2025-06-18T06:10:10.768Z"}
{"level":"info","message":{"body":{"description":"Know about IP addresses","duration":6,"name":"Computer Networks","status":"active"},"duration":"11ms","method":"PUT","params":{"id":"6852518725104da9d1cfa3fe"},"path":"/api/courses/6852518725104da9d1cfa3fe","query":{},"status":200},"timestamp":"2025-06-18T06:10:10.771Z"}
{"level":"info","message":"Retrieved 2 courses successfully","timestamp":"2025-06-18T06:10:10.786Z"}
{"level":"info","message":{"duration":"9ms","method":"GET","params":{},"path":"/api/courses","query":{},"status":200},"timestamp":"2025-06-18T06:10:10.789Z"}
{"activeCourses":2,"activeStudents":7,"courseCounts":[{"_id":"685253fd25104da9d1cfa419","count":2},{"_id":"6852518725104da9d1cfa3fe","count":5}],"graduates":0,"level":"info","message":"Dashboard statistics retrieved successfully:","successRate":0,"timestamp":"2025-06-18T06:10:10.838Z","totalCourses":2,"totalStudents":7}
{"level":"info","message":{"duration":"43ms","method":"GET","params":{},"path":"/api/dashboard/stats","query":{},"status":200},"timestamp":"2025-06-18T06:10:10.843Z"}
{"level":"info","message":"Retrieved 7 students successfully","timestamp":"2025-06-18T06:27:47.738Z"}
{"level":"info","message":{"duration":"16ms","method":"GET","params":{},"path":"/api/students","query":{},"status":200},"timestamp":"2025-06-18T06:27:47.744Z"}
{"activeCourses":2,"activeStudents":7,"courseCounts":[{"_id":"6852518725104da9d1cfa3fe","count":5},{"_id":"685253fd25104da9d1cfa419","count":2}],"graduates":0,"level":"info","message":"Dashboard statistics retrieved successfully:","successRate":0,"timestamp":"2025-06-18T06:27:47.782Z","totalCourses":2,"totalStudents":7}
{"level":"info","message":{"duration":"55ms","method":"GET","params":{},"path":"/api/dashboard/stats","query":{},"status":200},"timestamp":"2025-06-18T06:27:47.786Z"}
{"level":"info","message":{"duration":"9ms","method":"GET","params":{"id":"685255e125104da9d1cfa43a"},"path":"/api/students/685255e125104da9d1cfa43a","query":{},"status":200},"timestamp":"2025-06-18T06:27:56.295Z"}
{"level":"info","message":{"duration":"7ms","method":"GET","params":{"id":"685255e125104da9d1cfa43a"},"path":"/api/students/685255e125104da9d1cfa43a","query":{},"status":200},"timestamp":"2025-06-18T06:28:31.229Z"}
{"level":"info","message":"Retrieved 2 courses successfully","timestamp":"2025-06-18T08:19:50.517Z"}
{"level":"info","message":{"duration":"27ms","method":"GET","params":{},"path":"/api/courses","query":{},"status":304},"timestamp":"2025-06-18T08:19:50.527Z"}
{"level":"info","message":"Retrieved 7 students successfully","timestamp":"2025-06-18T08:19:50.544Z"}
{"level":"info","message":{"duration":"11ms","method":"GET","params":{},"path":"/api/students","query":{},"status":200},"timestamp":"2025-06-18T08:19:50.547Z"}
{"activeCourses":2,"activeStudents":7,"courseCounts":[{"_id":"685253fd25104da9d1cfa419","count":2},{"_id":"6852518725104da9d1cfa3fe","count":5}],"graduates":0,"level":"info","message":"Dashboard statistics retrieved successfully:","successRate":0,"timestamp":"2025-06-18T08:19:50.566Z","totalCourses":2,"totalStudents":7}
{"level":"info","message":{"duration":"30ms","method":"GET","params":{},"path":"/api/dashboard/stats","query":{},"status":200},"timestamp":"2025-06-18T08:19:50.568Z"}
{"level":"info","message":"Retrieved 7 students successfully","timestamp":"2025-06-18T08:19:51.972Z"}
{"level":"info","message":{"duration":"15ms","method":"GET","params":{},"path":"/api/students","query":{},"status":304},"timestamp":"2025-06-18T08:19:51.977Z"}
{"activeCourses":2,"activeStudents":7,"courseCounts":[{"_id":"6852518725104da9d1cfa3fe","count":5},{"_id":"685253fd25104da9d1cfa419","count":2}],"graduates":0,"level":"info","message":"Dashboard statistics retrieved successfully:","successRate":0,"timestamp":"2025-06-18T08:19:52.013Z","totalCourses":2,"totalStudents":7}
{"level":"info","message":{"duration":"51ms","method":"GET","params":{},"path":"/api/dashboard/stats","query":{},"status":200},"timestamp":"2025-06-18T08:19:52.018Z"}
{"level":"info","message":"Retrieved 2 courses successfully","timestamp":"2025-06-18T08:30:12.556Z"}
{"level":"info","message":{"duration":"6ms","method":"GET","params":{},"path":"/api/courses","query":{},"status":304},"timestamp":"2025-06-18T08:30:12.558Z"}
{"level":"info","message":"Retrieved 9 students successfully","timestamp":"2025-06-18T08:30:12.568Z"}
{"level":"info","message":{"duration":"6ms","method":"GET","params":{},"path":"/api/students","query":{},"status":200},"timestamp":"2025-06-18T08:30:12.570Z"}
{"activeCourses":2,"activeStudents":9,"courseCounts":[{"_id":"6852518725104da9d1cfa3fe","count":5},{"_id":"685253fd25104da9d1cfa419","count":2},{"_id":"6852518725104da9d1cfa3fe","count":2}],"graduates":0,"level":"info","message":"Dashboard statistics retrieved successfully:","successRate":0,"timestamp":"2025-06-18T08:30:12.589Z","totalCourses":2,"totalStudents":9}
{"level":"info","message":{"duration":"28ms","method":"GET","params":{},"path":"/api/dashboard/stats","query":{},"status":200},"timestamp":"2025-06-18T08:30:12.594Z"}
{"level":"info","message":"Retrieved 9 students successfully","timestamp":"2025-06-18T08:30:15.008Z"}
{"level":"info","message":{"duration":"25ms","method":"GET","params":{},"path":"/api/students","query":{},"status":304},"timestamp":"2025-06-18T08:30:15.021Z"}
{"activeCourses":2,"activeStudents":9,"courseCounts":[{"_id":"6852518725104da9d1cfa3fe","count":2},{"_id":"6852518725104da9d1cfa3fe","count":5},{"_id":"685253fd25104da9d1cfa419","count":2}],"graduates":0,"level":"info","message":"Dashboard statistics retrieved successfully:","successRate":0,"timestamp":"2025-06-18T08:30:15.055Z","totalCourses":2,"totalStudents":9}
{"level":"info","message":{"duration":"61ms","method":"GET","params":{},"path":"/api/dashboard/stats","query":{},"status":200},"timestamp":"2025-06-18T08:30:15.060Z"}
{"level":"info","message":{"duration":"1ms","method":"GET","params":{},"path":"/health","query":{},"status":200},"timestamp":"2025-06-18T08:47:30.505Z"}
{"level":"info","message":{"duration":"2ms","method":"GET","params":{},"path":"/health/detailed","query":{},"status":200},"timestamp":"2025-06-18T08:48:25.379Z"}
